I got things...
{'numCpu': 2, 'installBootRequired': False, 'managedBy': None, 'host': {'product': {'vendor': 'VMware, Inc.', 'name': 'VMware ESXi', 'dynamicType': None, 'licenseProductName': 'VMware ESX Server', 'dynamicProperty': (vmodl.DynamicProperty) [], 'apiVersion': '5.5', 'localeVersion': 'INTL', 'version': '5.5.0', 'build': '1331820', 'licenseProductVersion': '5.0', 'osType': 'vmnix-x86', 'instanceUuid': None, 'fullName': 'VMware ESXi 5.5.0 build-1331820', 'apiType': 'HostAgent', 'localeBuild': '000', 'productLineId': 'embeddedEsx'}, 'agentVmDatastore': None, 'agentVmNetwork': None, 'name': '10.4.44.11', 'sslThumbprint': '26:78:B6:CF:D8:66:15:A7:2B:78:64:B8:73:11:E0:35:70:03:BF:E9', 'dynamicType': None, 'dynamicProperty': (vmodl.DynamicProperty) [], 'vmotionEnabled': True, 'featureVersion': (vim.host.FeatureVersionInfo) [
   (vim.host.FeatureVersionInfo) {
      dynamicType = <unset>,
      dynamicProperty = (vmodl.DynamicProperty) [],
      key = 'faultTolerance',
      value = '5.0.0-5.0.0-5.0.0'
   }
], 'faultToleranceEnabled': False, 'port': 443}, 'guestId': 'sles11_64Guest', 'cpuReservation': 0, 'annotation': '1.32.403.2', 'numVirtualDisks': 1, 'guest': {'hostName': None, 'toolsStatus': 'toolsNotRunning', 'toolsVersionStatus': 'guestToolsUnmanaged', 'dynamicType': None, 'dynamicProperty': (vmodl.DynamicProperty) [], 'toolsRunningStatus': 'guestToolsNotRunning', 'guestId': 'sles11_64Guest', 'ipAddress': None, 'toolsVersionStatus2': 'guestToolsUnmanaged', 'guestFullName': 'SUSE Linux Enterprise 11 (64-bit)'}, 'memoryReservation': 0, 'instanceUuid': '50113592-ae99-f9a7-7f90-d9e1ea2e48d0', 'name': 'EMC ScaleIO SVM Template (v1.32.403.2) 1', 'numEthernetCards': 3, 'dynamicType': None, 'dynamicProperty': (vmodl.DynamicProperty) [], 'storage': {'unshared': 3530558191L, 'dynamicType': None, 'timestamp': datetime.datetime(2015, 8, 4, 19, 54, 32, 113999, tzinfo=<pyVmomi.Iso8601.TZInfo object at 0x7f79aef35e90>), 'dynamicProperty': (vmodl.DynamicProperty) [], 'uncommitted': 8545694278L, 'committed': 3530558191L}, 'uuid': '4211edf2-23a9-6a2c-bf73-8edbdc4467c5', 'memorySizeMB': 3072, 'vmPathName': '[dslocal_esx11] EMC ScaleIO SVM Template (v1.32.403.2) 1/EMC ScaleIO SVM Template (v1.32.403.2) 1.vmtx', 'template': True, 'ftInfo': None, 'guestFullName': 'SUSE Linux Enterprise 11 (64-bit)'}
{'product': {'vendor': 'VMware, Inc.', 'name': 'VMware ESXi', 'dynamicType': None, 'licenseProductName': 'VMware ESX Server', 'dynamicProperty': (vmodl.DynamicProperty) [], 'apiVersion': '5.5', 'localeVersion': 'INTL', 'version': '5.5.0', 'build': '1331820', 'licenseProductVersion': '5.0', 'osType': 'vmnix-x86', 'instanceUuid': None, 'fullName': 'VMware ESXi 5.5.0 build-1331820', 'apiType': 'HostAgent', 'localeBuild': '000', 'productLineId': 'embeddedEsx'}, 'agentVmDatastore': None, 'agentVmNetwork': None, 'name': '10.4.44.11', 'sslThumbprint': '26:78:B6:CF:D8:66:15:A7:2B:78:64:B8:73:11:E0:35:70:03:BF:E9', 'dynamicType': None, 'dynamicProperty': (vmodl.DynamicProperty) [], 'vmotionEnabled': True, 'featureVersion': (vim.host.FeatureVersionInfo) [
   (vim.host.FeatureVersionInfo) {
      dynamicType = <unset>,
      dynamicProperty = (vmodl.DynamicProperty) [],
      key = 'faultTolerance',
      value = '5.0.0-5.0.0-5.0.0'
   }
], 'faultToleranceEnabled': False, 'port': 443}
I got things...
{'product': (vim.AboutInfo) {
   dynamicType = <unset>,
   dynamicProperty = (vmodl.DynamicProperty) [],
   name = 'VMware ESXi',
   fullName = 'VMware ESXi 5.5.0 build-1331820',
   vendor = 'VMware, Inc.',
   version = '5.5.0',
   build = '1331820',
   localeVersion = 'INTL',
   localeBuild = '000',
   osType = 'vmnix-x86',
   productLineId = 'embeddedEsx',
   apiType = 'HostAgent',
   apiVersion = '5.5',
   instanceUuid = <unset>,
   licenseProductName = 'VMware ESX Server',
   licenseProductVersion = '5.0'
}, 'agentVmDatastore': None, 'agentVmNetwork': None, 'name': '10.4.44.11', 'sslThumbprint': '26:78:B6:CF:D8:66:15:A7:2B:78:64:B8:73:11:E0:35:70:03:BF:E9', 'dynamicType': None, 'dynamicProperty': (vmodl.DynamicProperty) [], 'vmotionEnabled': True, 'featureVersion': (vim.host.FeatureVersionInfo) [
   (vim.host.FeatureVersionInfo) {
      dynamicType = <unset>,
      dynamicProperty = (vmodl.DynamicProperty) [],
      key = 'faultTolerance',
      value = '5.0.0-5.0.0-5.0.0'
   }
], 'faultToleranceEnabled': False, 'port': 443}
{'numCpu': 2, 'installBootRequired': False, 'managedBy': None, 'host': {'product': {'vendor': 'VMware, Inc.', 'name': 'VMware ESXi', 'dynamicType': None, 'licenseProductName': 'VMware ESX Server', 'dynamicProperty': (vmodl.DynamicProperty) [], 'apiVersion': '5.5', 'localeVersion': 'INTL', 'version': '5.5.0', 'build': '1331820', 'licenseProductVersion': '5.0', 'osType': 'vmnix-x86', 'instanceUuid': None, 'fullName': 'VMware ESXi 5.5.0 build-1331820', 'apiType': 'HostAgent', 'localeBuild': '000', 'productLineId': 'embeddedEsx'}, 'agentVmDatastore': None, 'agentVmNetwork': None, 'name': '10.4.44.11', 'sslThumbprint': '26:78:B6:CF:D8:66:15:A7:2B:78:64:B8:73:11:E0:35:70:03:BF:E9', 'dynamicType': None, 'dynamicProperty': (vmodl.DynamicProperty) [], 'vmotionEnabled': True, 'featureVersion': (vim.host.FeatureVersionInfo) [
   (vim.host.FeatureVersionInfo) {
      dynamicType = <unset>,
      dynamicProperty = (vmodl.DynamicProperty) [],
      key = 'faultTolerance',
      value = '5.0.0-5.0.0-5.0.0'
   }
], 'faultToleranceEnabled': False, 'port': 443}, 'guestId': 'sles11_64Guest', 'cpuReservation': 0, 'annotation': '1.32.403.2', 'numVirtualDisks': 1, 'guest': {'hostName': None, 'toolsStatus': 'toolsNotRunning', 'toolsVersionStatus': 'guestToolsUnmanaged', 'dynamicType': None, 'dynamicProperty': (vmodl.DynamicProperty) [], 'toolsRunningStatus': 'guestToolsNotRunning', 'guestId': 'sles11_64Guest', 'ipAddress': None, 'toolsVersionStatus2': 'guestToolsUnmanaged', 'guestFullName': 'SUSE Linux Enterprise 11 (64-bit)'}, 'memoryReservation': 0, 'instanceUuid': '50113592-ae99-f9a7-7f90-d9e1ea2e48d0', 'name': 'EMC ScaleIO SVM Template (v1.32.403.2) 1', 'numEthernetCards': 3, 'dynamicType': None, 'dynamicProperty': (vmodl.DynamicProperty) [], 'storage': {'unshared': 3530558191L, 'dynamicType': None, 'timestamp': datetime.datetime(2015, 8, 4, 19, 54, 32, 113999, tzinfo=<pyVmomi.Iso8601.TZInfo object at 0x7f99db962e90>), 'dynamicProperty': (vmodl.DynamicProperty) [], 'uncommitted': 8545694278L, 'committed': 3530558191L}, 'uuid': '4211edf2-23a9-6a2c-bf73-8edbdc4467c5', 'memorySizeMB': 3072, 'vmPathName': '[dslocal_esx11] EMC ScaleIO SVM Template (v1.32.403.2) 1/EMC ScaleIO SVM Template (v1.32.403.2) 1.vmtx', 'template': True, 'ftInfo': None, 'guestFullName': 'SUSE Linux Enterprise 11 (64-bit)'}
{'product': {'vendor': 'VMware, Inc.', 'name': 'VMware ESXi', 'dynamicType': None, 'licenseProductName': 'VMware ESX Server', 'dynamicProperty': (vmodl.DynamicProperty) [], 'apiVersion': '5.5', 'localeVersion': 'INTL', 'version': '5.5.0', 'build': '1331820', 'licenseProductVersion': '5.0', 'osType': 'vmnix-x86', 'instanceUuid': None, 'fullName': 'VMware ESXi 5.5.0 build-1331820', 'apiType': 'HostAgent', 'localeBuild': '000', 'productLineId': 'embeddedEsx'}, 'agentVmDatastore': None, 'agentVmNetwork': None, 'name': '10.4.44.11', 'sslThumbprint': '26:78:B6:CF:D8:66:15:A7:2B:78:64:B8:73:11:E0:35:70:03:BF:E9', 'dynamicType': None, 'dynamicProperty': (vmodl.DynamicProperty) [], 'vmotionEnabled': True, 'featureVersion': (vim.host.FeatureVersionInfo) [
   (vim.host.FeatureVersionInfo) {
      dynamicType = <unset>,
      dynamicProperty = (vmodl.DynamicProperty) [],
      key = 'faultTolerance',
      value = '5.0.0-5.0.0-5.0.0'
   }
], 'faultToleranceEnabled': False, 'port': 443}
I got things...
{'product': (vim.AboutInfo) {
   dynamicType = <unset>,
   dynamicProperty = (vmodl.DynamicProperty) [],
   name = 'VMware ESXi',
   fullName = 'VMware ESXi 5.5.0 build-1331820',
   vendor = 'VMware, Inc.',
   version = '5.5.0',
   build = '1331820',
   localeVersion = 'INTL',
   localeBuild = '000',
   osType = 'vmnix-x86',
   productLineId = 'embeddedEsx',
   apiType = 'HostAgent',
   apiVersion = '5.5',
   instanceUuid = <unset>,
   licenseProductName = 'VMware ESX Server',
   licenseProductVersion = '5.0'
}, 'agentVmDatastore': None, 'agentVmNetwork': None, 'name': '10.4.44.11', 'sslThumbprint': '26:78:B6:CF:D8:66:15:A7:2B:78:64:B8:73:11:E0:35:70:03:BF:E9', 'dynamicType': None, 'dynamicProperty': (vmodl.DynamicProperty) [], 'vmotionEnabled': True, 'featureVersion': (vim.host.FeatureVersionInfo) [
   (vim.host.FeatureVersionInfo) {
      dynamicType = <unset>,
      dynamicProperty = (vmodl.DynamicProperty) [],
      key = 'faultTolerance',
      value = '5.0.0-5.0.0-5.0.0'
   }
], 'faultToleranceEnabled': False, 'port': 443}
I got things...
{'product': (vim.AboutInfo) {
   dynamicType = <unset>,
   dynamicProperty = (vmodl.DynamicProperty) [],
   name = 'VMware ESXi',
   fullName = 'VMware ESXi 5.5.0 build-1331820',
   vendor = 'VMware, Inc.',
   version = '5.5.0',
   build = '1331820',
   localeVersion = 'INTL',
   localeBuild = '000',
   osType = 'vmnix-x86',
   productLineId = 'embeddedEsx',
   apiType = 'HostAgent',
   apiVersion = '5.5',
   instanceUuid = <unset>,
   licenseProductName = 'VMware ESX Server',
   licenseProductVersion = '5.0'
}, 'agentVmDatastore': None, 'agentVmNetwork': None, 'name': '10.4.44.11', 'sslThumbprint': '26:78:B6:CF:D8:66:15:A7:2B:78:64:B8:73:11:E0:35:70:03:BF:E9', 'dynamicType': None, 'dynamicProperty': (vmodl.DynamicProperty) [], 'vmotionEnabled': True, 'featureVersion': (vim.host.FeatureVersionInfo) [
   (vim.host.FeatureVersionInfo) {
      dynamicType = <unset>,
      dynamicProperty = (vmodl.DynamicProperty) [],
      key = 'faultTolerance',
      value = '5.0.0-5.0.0-5.0.0'
   }
], 'faultToleranceEnabled': False, 'port': 443}
I got things...
{'product': (vim.AboutInfo) {
   dynamicType = <unset>,
   dynamicProperty = (vmodl.DynamicProperty) [],
   name = 'VMware ESXi',
   fullName = 'VMware ESXi 5.5.0 build-1331820',
   vendor = 'VMware, Inc.',
   version = '5.5.0',
   build = '1331820',
   localeVersion = 'INTL',
   localeBuild = '000',
   osType = 'vmnix-x86',
   productLineId = 'embeddedEsx',
   apiType = 'HostAgent',
   apiVersion = '5.5',
   instanceUuid = <unset>,
   licenseProductName = 'VMware ESX Server',
   licenseProductVersion = '5.0'
}, 'agentVmDatastore': None, 'agentVmNetwork': None, 'name': '10.4.44.11', 'sslThumbprint': '26:78:B6:CF:D8:66:15:A7:2B:78:64:B8:73:11:E0:35:70:03:BF:E9', 'dynamicType': None, 'dynamicProperty': (vmodl.DynamicProperty) [], 'vmotionEnabled': True, 'featureVersion': (vim.host.FeatureVersionInfo) [
   (vim.host.FeatureVersionInfo) {
      dynamicType = <unset>,
      dynamicProperty = (vmodl.DynamicProperty) [],
      key = 'faultTolerance',
      value = '5.0.0-5.0.0-5.0.0'
   }
], 'faultToleranceEnabled': False, 'port': 443}
I got things...
I got things...
I got things...
I got things...
I got things...
{'product': (vim.AboutInfo) {
   dynamicType = <unset>,
   dynamicProperty = (vmodl.DynamicProperty) [],
   name = 'VMware ESXi',
   fullName = 'VMware ESXi 5.5.0 build-1331820',
   vendor = 'VMware, Inc.',
   version = '5.5.0',
   build = '1331820',
   localeVersion = 'INTL',
   localeBuild = '000',
   osType = 'vmnix-x86',
   productLineId = 'embeddedEsx',
   apiType = 'HostAgent',
   apiVersion = '5.5',
   instanceUuid = <unset>,
   licenseProductName = 'VMware ESX Server',
   licenseProductVersion = '5.0'
}, 'agentVmDatastore': None, 'agentVmNetwork': None, 'name': '10.4.44.11', 'sslThumbprint': '26:78:B6:CF:D8:66:15:A7:2B:78:64:B8:73:11:E0:35:70:03:BF:E9', 'dynamicType': None, 'dynamicProperty': (vmodl.DynamicProperty) [], 'vmotionEnabled': True, 'featureVersion': (vim.host.FeatureVersionInfo) [
   (vim.host.FeatureVersionInfo) {
      dynamicType = <unset>,
      dynamicProperty = (vmodl.DynamicProperty) [],
      key = 'faultTolerance',
      value = '5.0.0-5.0.0-5.0.0'
   }
], 'faultToleranceEnabled': False, 'port': 443}
I got things...
{'vendor': 'VMware, Inc.', 'name': 'VMware ESXi', 'dynamicType': None, 'licenseProductName': 'VMware ESX Server', 'dynamicProperty': (vmodl.DynamicProperty) [], 'apiVersion': '5.5', 'localeVersion': 'INTL', 'version': '5.5.0', 'build': '1331820', 'licenseProductVersion': '5.0', 'osType': 'vmnix-x86', 'instanceUuid': None, 'fullName': 'VMware ESXi 5.5.0 build-1331820', 'apiType': 'HostAgent', 'localeBuild': '000', 'productLineId': 'embeddedEsx'}
I got things...
I got things...
I got things...
{'vendor': 'VMware, Inc.', 'name': 'VMware ESXi', 'dynamicType': None, 'licenseProductName': 'VMware ESX Server', 'dynamicProperty': (vmodl.DynamicProperty) [], 'apiVersion': '5.5', 'localeVersion': 'INTL', 'version': '5.5.0', 'build': '1331820', 'licenseProductVersion': '5.0', 'osType': 'vmnix-x86', 'instanceUuid': None, 'fullName': 'VMware ESXi 5.5.0 build-1331820', 'apiType': 'HostAgent', 'localeBuild': '000', 'productLineId': 'embeddedEsx'}
I got things...
I got things...
I got things...
I got things...
{'product': {'vendor': 'VMware, Inc.', 'name': 'VMware ESXi', 'dynamicType': None, 'licenseProductName': 'VMware ESX Server', 'dynamicProperty': (vmodl.DynamicProperty) [], 'apiVersion': '5.5', 'localeVersion': 'INTL', 'version': '5.5.0', 'build': '1331820', 'licenseProductVersion': '5.0', 'osType': 'vmnix-x86', 'instanceUuid': None, 'fullName': 'VMware ESXi 5.5.0 build-1331820', 'apiType': 'HostAgent', 'localeBuild': '000', 'productLineId': 'embeddedEsx'}, 'agentVmDatastore': None, 'agentVmNetwork': None, 'name': '10.4.44.11', 'sslThumbprint': '26:78:B6:CF:D8:66:15:A7:2B:78:64:B8:73:11:E0:35:70:03:BF:E9', 'dynamicType': None, 'dynamicProperty': (vmodl.DynamicProperty) [], 'vmotionEnabled': True, 'featureVersion': (vim.host.FeatureVersionInfo) [
   (vim.host.FeatureVersionInfo) {
      dynamicType = <unset>,
      dynamicProperty = (vmodl.DynamicProperty) [],
      key = 'faultTolerance',
      value = '5.0.0-5.0.0-5.0.0'
   }
], 'faultToleranceEnabled': False, 'port': 443}
I got things...
I got things...
{'product': {'vendor': 'VMware, Inc.', 'name': 'VMware ESXi', 'dynamicType': None, 'licenseProductName': 'VMware ESX Server', 'dynamicProperty': (vmodl.DynamicProperty) [], 'apiVersion': '5.5', 'localeVersion': 'INTL', 'version': '5.5.0', 'build': '1331820', 'licenseProductVersion': '5.0', 'osType': 'vmnix-x86', 'instanceUuid': None, 'fullName': 'VMware ESXi 5.5.0 build-1331820', 'apiType': 'HostAgent', 'localeBuild': '000', 'productLineId': 'embeddedEsx'}, 'agentVmDatastore': None, 'agentVmNetwork': None, 'name': '10.4.44.11', 'sslThumbprint': '26:78:B6:CF:D8:66:15:A7:2B:78:64:B8:73:11:E0:35:70:03:BF:E9', 'dynamicType': None, 'dynamicProperty': (vmodl.DynamicProperty) [], 'vmotionEnabled': True, 'featureVersion': (vim.host.FeatureVersionInfo) [
   (vim.host.FeatureVersionInfo) {
      dynamicType = <unset>,
      dynamicProperty = (vmodl.DynamicProperty) [],
      key = 'faultTolerance',
      value = '5.0.0-5.0.0-5.0.0'
   }
], 'faultToleranceEnabled': False, 'port': 443}
I got things...
{'product': {'vendor': 'VMware, Inc.', 'name': 'VMware ESXi', 'dynamicType': None, 'licenseProductName': 'VMware ESX Server', 'dynamicProperty': (vmodl.DynamicProperty) [], 'apiVersion': '5.5', 'localeVersion': 'INTL', 'version': '5.5.0', 'build': '1331820', 'licenseProductVersion': '5.0', 'osType': 'vmnix-x86', 'instanceUuid': None, 'fullName': 'VMware ESXi 5.5.0 build-1331820', 'apiType': 'HostAgent', 'localeBuild': '000', 'productLineId': 'embeddedEsx'}, 'agentVmDatastore': None, 'agentVmNetwork': None, 'name': '10.4.44.11', 'sslThumbprint': '26:78:B6:CF:D8:66:15:A7:2B:78:64:B8:73:11:E0:35:70:03:BF:E9', 'dynamicType': None, 'dynamicProperty': (vmodl.DynamicProperty) [], 'vmotionEnabled': True, 'faultToleranceEnabled': False, 'port': 443}
I got things...
{'product': {'vendor': 'VMware, Inc.', 'name': 'VMware ESXi', 'dynamicType': None, 'licenseProductName': 'VMware ESX Server', 'dynamicProperty': (vmodl.DynamicProperty) [], 'apiVersion': '5.5', 'localeVersion': 'INTL', 'version': '5.5.0', 'build': '1331820', 'licenseProductVersion': '5.0', 'osType': 'vmnix-x86', 'instanceUuid': None, 'fullName': 'VMware ESXi 5.5.0 build-1331820', 'apiType': 'HostAgent', 'localeBuild': '000', 'productLineId': 'embeddedEsx'}, 'agentVmDatastore': None, 'agentVmNetwork': None, 'name': '10.4.44.11', 'sslThumbprint': '26:78:B6:CF:D8:66:15:A7:2B:78:64:B8:73:11:E0:35:70:03:BF:E9', 'dynamicType': None, 'dynamicProperty': (vmodl.DynamicProperty) [], 'vmotionEnabled': True, 'faultToleranceEnabled': False, 'port': 443}
I got things...
{'product': {'vendor': 'VMware, Inc.', 'name': 'VMware ESXi', 'dynamicType': None, 'licenseProductName': 'VMware ESX Server', 'dynamicProperty': (vmodl.DynamicProperty) [], 'apiVersion': '5.5', 'localeVersion': 'INTL', 'version': '5.5.0', 'build': '1331820', 'licenseProductVersion': '5.0', 'osType': 'vmnix-x86', 'instanceUuid': None, 'fullName': 'VMware ESXi 5.5.0 build-1331820', 'apiType': 'HostAgent', 'localeBuild': '000', 'productLineId': 'embeddedEsx'}, 'agentVmDatastore': None, 'agentVmNetwork': None, 'name': '10.4.44.11', 'sslThumbprint': '26:78:B6:CF:D8:66:15:A7:2B:78:64:B8:73:11:E0:35:70:03:BF:E9', 'dynamicType': None, 'dynamicProperty': (vmodl.DynamicProperty) [], 'vmotionEnabled': True, 'faultToleranceEnabled': False, 'port': 443}
I got things...
(vim.vm.RuntimeInfo) {
   dynamicType = <unset>,
   dynamicProperty = (vmodl.DynamicProperty) [],
   device = (vim.vm.DeviceRuntimeInfo) [
      (vim.vm.DeviceRuntimeInfo) {
         dynamicType = <unset>,
         dynamicProperty = (vmodl.DynamicProperty) [],
         runtimeState = (vim.vm.DeviceRuntimeInfo.VirtualEthernetCardRuntimeState) {
            dynamicType = <unset>,
            dynamicProperty = (vmodl.DynamicProperty) [],
            vmDirectPathGen2Active = false,
            vmDirectPathGen2InactiveReasonVm = (str) [],
            vmDirectPathGen2InactiveReasonOther = (str) [
               'vmNptIncompatibleHost'
            ],
            vmDirectPathGen2InactiveReasonExtended = <unset>,
            reservationStatus = <unset>
         },
         key = 4000
      }
   ],
   host = 'vim.HostSystem:host-3122',
   connectionState = 'connected',
   powerState = 'poweredOn',
   faultToleranceState = 'notConfigured',
   dasVmProtection = <unset>,
   toolsInstallerMounted = false,
   suspendTime = <unset>,
   bootTime = 2015-07-22T20:49:22.633035Z,
   suspendInterval = 0L,
   question = <unset>,
   memoryOverhead = 58134528L,
   maxCpuUsage = 2327,
   maxMemoryUsage = 1024,
   numMksConnections = 0,
   recordReplayState = 'inactive',
   cleanPowerOff = <unset>,
   needSecondaryReason = <unset>,
   onlineStandby = false,
   minRequiredEVCModeKey = <unset>,
   consolidationNeeded = false,
   offlineFeatureRequirement = (vim.vm.FeatureRequirement) [
      (vim.vm.FeatureRequirement) {
         dynamicType = <unset>,
         dynamicProperty = (vmodl.DynamicProperty) [],
         key = 'cpuid.lm',
         featureName = 'cpuid.lm',
         value = 'Bool:Min:1'
      }
   ],
   featureRequirement = (vim.vm.FeatureRequirement) [
      (vim.vm.FeatureRequirement) {
         dynamicType = <unset>,
         dynamicProperty = (vmodl.DynamicProperty) [],
         key = 'cpuid.SSE3',
         featureName = 'cpuid.SSE3',
         value = 'Bool:Min:1'
      },
      (vim.vm.FeatureRequirement) {
         dynamicType = <unset>,
         dynamicProperty = (vmodl.DynamicProperty) [],
         key = 'cpuid.SSSE3',
         featureName = 'cpuid.SSSE3',
         value = 'Bool:Min:1'
      },
      (vim.vm.FeatureRequirement) {
         dynamicType = <unset>,
         dynamicProperty = (vmodl.DynamicProperty) [],
         key = 'cpuid.CMPXCHG16B',
         featureName = 'cpuid.CMPXCHG16B',
         value = 'Bool:Min:1'
      },
      (vim.vm.FeatureRequirement) {
         dynamicType = <unset>,
         dynamicProperty = (vmodl.DynamicProperty) [],
         key = 'cpuid.SSE41',
         featureName = 'cpuid.SSE41',
         value = 'Bool:Min:1'
      },
      (vim.vm.FeatureRequirement) {
         dynamicType = <unset>,
         dynamicProperty = (vmodl.DynamicProperty) [],
         key = 'cpuid.DS',
         featureName = 'cpuid.DS',
         value = 'Bool:Min:1'
      },
      (vim.vm.FeatureRequirement) {
         dynamicType = <unset>,
         dynamicProperty = (vmodl.DynamicProperty) [],
         key = 'cpuid.SS',
         featureName = 'cpuid.SS',
         value = 'Bool:Min:1'
      },
      (vim.vm.FeatureRequirement) {
         dynamicType = <unset>,
         dynamicProperty = (vmodl.DynamicProperty) [],
         key = 'cpuid.LAHF64',
         featureName = 'cpuid.LAHF64',
         value = 'Bool:Min:1'
      },
      (vim.vm.FeatureRequirement) {
         dynamicType = <unset>,
         dynamicProperty = (vmodl.DynamicProperty) [],
         key = 'cpuid.NX',
         featureName = 'cpuid.NX',
         value = 'Bool:Min:1'
      },
      (vim.vm.FeatureRequirement) {
         dynamicType = <unset>,
         dynamicProperty = (vmodl.DynamicProperty) [],
         key = 'cpuid.LM',
         featureName = 'cpuid.LM',
         value = 'Bool:Min:1'
      },
      (vim.vm.FeatureRequirement) {
         dynamicType = <unset>,
         dynamicProperty = (vmodl.DynamicProperty) [],
         key = 'cpuid.Intel',
         featureName = 'cpuid.Intel',
         value = 'Bool:Min:1'
      }
   ],
   featureMask = (vim.host.FeatureMask) [],
   vFlashCacheAllocation = 0L
}
(vim.vm.RuntimeInfo) {
   dynamicType = <unset>,
   dynamicProperty = (vmodl.DynamicProperty) [],
   device = (vim.vm.DeviceRuntimeInfo) [
      (vim.vm.DeviceRuntimeInfo) {
         dynamicType = <unset>,
         dynamicProperty = (vmodl.DynamicProperty) [],
         runtimeState = (vim.vm.DeviceRuntimeInfo.VirtualEthernetCardRuntimeState) {
            dynamicType = <unset>,
            dynamicProperty = (vmodl.DynamicProperty) [],
            vmDirectPathGen2Active = false,
            vmDirectPathGen2InactiveReasonVm = (str) [],
            vmDirectPathGen2InactiveReasonOther = (str) [
               'vmNptIncompatibleHost'
            ],
            vmDirectPathGen2InactiveReasonExtended = <unset>,
            reservationStatus = <unset>
         },
         key = 4000
      }
   ],
   host = 'vim.HostSystem:host-3122',
   connectionState = 'connected',
   powerState = 'poweredOn',
   faultToleranceState = 'notConfigured',
   dasVmProtection = <unset>,
   toolsInstallerMounted = false,
   suspendTime = <unset>,
   bootTime = 2015-07-22T20:49:22.633035Z,
   suspendInterval = 0L,
   question = <unset>,
   memoryOverhead = 58134528L,
   maxCpuUsage = 2327,
   maxMemoryUsage = 1024,
   numMksConnections = 0,
   recordReplayState = 'inactive',
   cleanPowerOff = <unset>,
   needSecondaryReason = <unset>,
   onlineStandby = false,
   minRequiredEVCModeKey = <unset>,
   consolidationNeeded = false,
   offlineFeatureRequirement = (vim.vm.FeatureRequirement) [
      (vim.vm.FeatureRequirement) {
         dynamicType = <unset>,
         dynamicProperty = (vmodl.DynamicProperty) [],
         key = 'cpuid.lm',
         featureName = 'cpuid.lm',
         value = 'Bool:Min:1'
      }
   ],
   featureRequirement = (vim.vm.FeatureRequirement) [
      (vim.vm.FeatureRequirement) {
         dynamicType = <unset>,
         dynamicProperty = (vmodl.DynamicProperty) [],
         key = 'cpuid.SSE3',
         featureName = 'cpuid.SSE3',
         value = 'Bool:Min:1'
      },
      (vim.vm.FeatureRequirement) {
         dynamicType = <unset>,
         dynamicProperty = (vmodl.DynamicProperty) [],
         key = 'cpuid.SSSE3',
         featureName = 'cpuid.SSSE3',
         value = 'Bool:Min:1'
      },
      (vim.vm.FeatureRequirement) {
         dynamicType = <unset>,
         dynamicProperty = (vmodl.DynamicProperty) [],
         key = 'cpuid.CMPXCHG16B',
         featureName = 'cpuid.CMPXCHG16B',
         value = 'Bool:Min:1'
      },
      (vim.vm.FeatureRequirement) {
         dynamicType = <unset>,
         dynamicProperty = (vmodl.DynamicProperty) [],
         key = 'cpuid.SSE41',
         featureName = 'cpuid.SSE41',
         value = 'Bool:Min:1'
      },
      (vim.vm.FeatureRequirement) {
         dynamicType = <unset>,
         dynamicProperty = (vmodl.DynamicProperty) [],
         key = 'cpuid.DS',
         featureName = 'cpuid.DS',
         value = 'Bool:Min:1'
      },
      (vim.vm.FeatureRequirement) {
         dynamicType = <unset>,
         dynamicProperty = (vmodl.DynamicProperty) [],
         key = 'cpuid.SS',
         featureName = 'cpuid.SS',
         value = 'Bool:Min:1'
      },
      (vim.vm.FeatureRequirement) {
         dynamicType = <unset>,
         dynamicProperty = (vmodl.DynamicProperty) [],
         key = 'cpuid.LAHF64',
         featureName = 'cpuid.LAHF64',
         value = 'Bool:Min:1'
      },
      (vim.vm.FeatureRequirement) {
         dynamicType = <unset>,
         dynamicProperty = (vmodl.DynamicProperty) [],
         key = 'cpuid.NX',
         featureName = 'cpuid.NX',
         value = 'Bool:Min:1'
      },
      (vim.vm.FeatureRequirement) {
         dynamicType = <unset>,
         dynamicProperty = (vmodl.DynamicProperty) [],
         key = 'cpuid.LM',
         featureName = 'cpuid.LM',
         value = 'Bool:Min:1'
      },
      (vim.vm.FeatureRequirement) {
         dynamicType = <unset>,
         dynamicProperty = (vmodl.DynamicProperty) [],
         key = 'cpuid.Intel',
         featureName = 'cpuid.Intel',
         value = 'Bool:Min:1'
      }
   ],
   featureMask = (vim.host.FeatureMask) [],
   vFlashCacheAllocation = 0L
}
(vim.vm.RuntimeInfo) {
   dynamicType = <unset>,
   dynamicProperty = (vmodl.DynamicProperty) [],
   device = (vim.vm.DeviceRuntimeInfo) [
      (vim.vm.DeviceRuntimeInfo) {
         dynamicType = <unset>,
         dynamicProperty = (vmodl.DynamicProperty) [],
         runtimeState = (vim.vm.DeviceRuntimeInfo.VirtualEthernetCardRuntimeState) {
            dynamicType = <unset>,
            dynamicProperty = (vmodl.DynamicProperty) [],
            vmDirectPathGen2Active = false,
            vmDirectPathGen2InactiveReasonVm = (str) [],
            vmDirectPathGen2InactiveReasonOther = (str) [
               'vmNptIncompatibleHost'
            ],
            vmDirectPathGen2InactiveReasonExtended = <unset>,
            reservationStatus = <unset>
         },
         key = 4000
      }
   ],
   host = 'vim.HostSystem:host-3122',
   connectionState = 'connected',
   powerState = 'poweredOn',
   faultToleranceState = 'notConfigured',
   dasVmProtection = <unset>,
   toolsInstallerMounted = false,
   suspendTime = <unset>,
   bootTime = 2015-07-22T20:49:22.633035Z,
   suspendInterval = 0L,
   question = <unset>,
   memoryOverhead = 58134528L,
   maxCpuUsage = 2327,
   maxMemoryUsage = 1024,
   numMksConnections = 0,
   recordReplayState = 'inactive',
   cleanPowerOff = <unset>,
   needSecondaryReason = <unset>,
   onlineStandby = false,
   minRequiredEVCModeKey = <unset>,
   consolidationNeeded = false,
   offlineFeatureRequirement = (vim.vm.FeatureRequirement) [
      (vim.vm.FeatureRequirement) {
         dynamicType = <unset>,
         dynamicProperty = (vmodl.DynamicProperty) [],
         key = 'cpuid.lm',
         featureName = 'cpuid.lm',
         value = 'Bool:Min:1'
      }
   ],
   featureRequirement = (vim.vm.FeatureRequirement) [
      (vim.vm.FeatureRequirement) {
         dynamicType = <unset>,
         dynamicProperty = (vmodl.DynamicProperty) [],
         key = 'cpuid.SSE3',
         featureName = 'cpuid.SSE3',
         value = 'Bool:Min:1'
      },
      (vim.vm.FeatureRequirement) {
         dynamicType = <unset>,
         dynamicProperty = (vmodl.DynamicProperty) [],
         key = 'cpuid.SSSE3',
         featureName = 'cpuid.SSSE3',
         value = 'Bool:Min:1'
      },
      (vim.vm.FeatureRequirement) {
         dynamicType = <unset>,
         dynamicProperty = (vmodl.DynamicProperty) [],
         key = 'cpuid.CMPXCHG16B',
         featureName = 'cpuid.CMPXCHG16B',
         value = 'Bool:Min:1'
      },
      (vim.vm.FeatureRequirement) {
         dynamicType = <unset>,
         dynamicProperty = (vmodl.DynamicProperty) [],
         key = 'cpuid.SSE41',
         featureName = 'cpuid.SSE41',
         value = 'Bool:Min:1'
      },
      (vim.vm.FeatureRequirement) {
         dynamicType = <unset>,
         dynamicProperty = (vmodl.DynamicProperty) [],
         key = 'cpuid.DS',
         featureName = 'cpuid.DS',
         value = 'Bool:Min:1'
      },
      (vim.vm.FeatureRequirement) {
         dynamicType = <unset>,
         dynamicProperty = (vmodl.DynamicProperty) [],
         key = 'cpuid.SS',
         featureName = 'cpuid.SS',
         value = 'Bool:Min:1'
      },
      (vim.vm.FeatureRequirement) {
         dynamicType = <unset>,
         dynamicProperty = (vmodl.DynamicProperty) [],
         key = 'cpuid.LAHF64',
         featureName = 'cpuid.LAHF64',
         value = 'Bool:Min:1'
      },
      (vim.vm.FeatureRequirement) {
         dynamicType = <unset>,
         dynamicProperty = (vmodl.DynamicProperty) [],
         key = 'cpuid.NX',
         featureName = 'cpuid.NX',
         value = 'Bool:Min:1'
      },
      (vim.vm.FeatureRequirement) {
         dynamicType = <unset>,
         dynamicProperty = (vmodl.DynamicProperty) [],
         key = 'cpuid.LM',
         featureName = 'cpuid.LM',
         value = 'Bool:Min:1'
      },
      (vim.vm.FeatureRequirement) {
         dynamicType = <unset>,
         dynamicProperty = (vmodl.DynamicProperty) [],
         key = 'cpuid.Intel',
         featureName = 'cpuid.Intel',
         value = 'Bool:Min:1'
      }
   ],
   featureMask = (vim.host.FeatureMask) [],
   vFlashCacheAllocation = 0L
}
(vim.vm.RuntimeInfo) {
   dynamicType = <unset>,
   dynamicProperty = (vmodl.DynamicProperty) [],
   device = (vim.vm.DeviceRuntimeInfo) [
      (vim.vm.DeviceRuntimeInfo) {
         dynamicType = <unset>,
         dynamicProperty = (vmodl.DynamicProperty) [],
         runtimeState = (vim.vm.DeviceRuntimeInfo.VirtualEthernetCardRuntimeState) {
            dynamicType = <unset>,
            dynamicProperty = (vmodl.DynamicProperty) [],
            vmDirectPathGen2Active = false,
            vmDirectPathGen2InactiveReasonVm = (str) [],
            vmDirectPathGen2InactiveReasonOther = (str) [
               'vmNptIncompatibleHost'
            ],
            vmDirectPathGen2InactiveReasonExtended = <unset>,
            reservationStatus = <unset>
         },
         key = 4000
      }
   ],
   host = 'vim.HostSystem:host-3122',
   connectionState = 'connected',
   powerState = 'poweredOn',
   faultToleranceState = 'notConfigured',
   dasVmProtection = <unset>,
   toolsInstallerMounted = false,
   suspendTime = <unset>,
   bootTime = 2015-07-22T20:49:22.633035Z,
   suspendInterval = 0L,
   question = <unset>,
   memoryOverhead = 58093568L,
   maxCpuUsage = 2327,
   maxMemoryUsage = 1024,
   numMksConnections = 0,
   recordReplayState = 'inactive',
   cleanPowerOff = <unset>,
   needSecondaryReason = <unset>,
   onlineStandby = false,
   minRequiredEVCModeKey = <unset>,
   consolidationNeeded = false,
   offlineFeatureRequirement = (vim.vm.FeatureRequirement) [
      (vim.vm.FeatureRequirement) {
         dynamicType = <unset>,
         dynamicProperty = (vmodl.DynamicProperty) [],
         key = 'cpuid.lm',
         featureName = 'cpuid.lm',
         value = 'Bool:Min:1'
      }
   ],
   featureRequirement = (vim.vm.FeatureRequirement) [
      (vim.vm.FeatureRequirement) {
         dynamicType = <unset>,
         dynamicProperty = (vmodl.DynamicProperty) [],
         key = 'cpuid.SSE3',
         featureName = 'cpuid.SSE3',
         value = 'Bool:Min:1'
      },
      (vim.vm.FeatureRequirement) {
         dynamicType = <unset>,
         dynamicProperty = (vmodl.DynamicProperty) [],
         key = 'cpuid.SSSE3',
         featureName = 'cpuid.SSSE3',
         value = 'Bool:Min:1'
      },
      (vim.vm.FeatureRequirement) {
         dynamicType = <unset>,
         dynamicProperty = (vmodl.DynamicProperty) [],
         key = 'cpuid.CMPXCHG16B',
         featureName = 'cpuid.CMPXCHG16B',
         value = 'Bool:Min:1'
      },
      (vim.vm.FeatureRequirement) {
         dynamicType = <unset>,
         dynamicProperty = (vmodl.DynamicProperty) [],
         key = 'cpuid.SSE41',
         featureName = 'cpuid.SSE41',
         value = 'Bool:Min:1'
      },
      (vim.vm.FeatureRequirement) {
         dynamicType = <unset>,
         dynamicProperty = (vmodl.DynamicProperty) [],
         key = 'cpuid.DS',
         featureName = 'cpuid.DS',
         value = 'Bool:Min:1'
      },
      (vim.vm.FeatureRequirement) {
         dynamicType = <unset>,
         dynamicProperty = (vmodl.DynamicProperty) [],
         key = 'cpuid.SS',
         featureName = 'cpuid.SS',
         value = 'Bool:Min:1'
      },
      (vim.vm.FeatureRequirement) {
         dynamicType = <unset>,
         dynamicProperty = (vmodl.DynamicProperty) [],
         key = 'cpuid.LAHF64',
         featureName = 'cpuid.LAHF64',
         value = 'Bool:Min:1'
      },
      (vim.vm.FeatureRequirement) {
         dynamicType = <unset>,
         dynamicProperty = (vmodl.DynamicProperty) [],
         key = 'cpuid.NX',
         featureName = 'cpuid.NX',
         value = 'Bool:Min:1'
      },
      (vim.vm.FeatureRequirement) {
         dynamicType = <unset>,
         dynamicProperty = (vmodl.DynamicProperty) [],
         key = 'cpuid.LM',
         featureName = 'cpuid.LM',
         value = 'Bool:Min:1'
      },
      (vim.vm.FeatureRequirement) {
         dynamicType = <unset>,
         dynamicProperty = (vmodl.DynamicProperty) [],
         key = 'cpuid.Intel',
         featureName = 'cpuid.Intel',
         value = 'Bool:Min:1'
      }
   ],
   featureMask = (vim.host.FeatureMask) [],
   vFlashCacheAllocation = 0L
}
(vim.vm.RuntimeInfo) {
   dynamicType = <unset>,
   dynamicProperty = (vmodl.DynamicProperty) [],
   device = (vim.vm.DeviceRuntimeInfo) [
      (vim.vm.DeviceRuntimeInfo) {
         dynamicType = <unset>,
         dynamicProperty = (vmodl.DynamicProperty) [],
         runtimeState = (vim.vm.DeviceRuntimeInfo.VirtualEthernetCardRuntimeState) {
            dynamicType = <unset>,
            dynamicProperty = (vmodl.DynamicProperty) [],
            vmDirectPathGen2Active = false,
            vmDirectPathGen2InactiveReasonVm = (str) [],
            vmDirectPathGen2InactiveReasonOther = (str) [
               'vmNptIncompatibleHost'
            ],
            vmDirectPathGen2InactiveReasonExtended = <unset>,
            reservationStatus = <unset>
         },
         key = 4000
      }
   ],
   host = 'vim.HostSystem:host-3122',
   connectionState = 'connected',
   powerState = 'poweredOn',
   faultToleranceState = 'notConfigured',
   dasVmProtection = <unset>,
   toolsInstallerMounted = false,
   suspendTime = <unset>,
   bootTime = 2015-07-22T20:49:22.633035Z,
   suspendInterval = 0L,
   question = <unset>,
   memoryOverhead = 57036800L,
   maxCpuUsage = 2327,
   maxMemoryUsage = 1024,
   numMksConnections = 0,
   recordReplayState = 'inactive',
   cleanPowerOff = <unset>,
   needSecondaryReason = <unset>,
   onlineStandby = false,
   minRequiredEVCModeKey = <unset>,
   consolidationNeeded = false,
   offlineFeatureRequirement = (vim.vm.FeatureRequirement) [
      (vim.vm.FeatureRequirement) {
         dynamicType = <unset>,
         dynamicProperty = (vmodl.DynamicProperty) [],
         key = 'cpuid.lm',
         featureName = 'cpuid.lm',
         value = 'Bool:Min:1'
      }
   ],
   featureRequirement = (vim.vm.FeatureRequirement) [
      (vim.vm.FeatureRequirement) {
         dynamicType = <unset>,
         dynamicProperty = (vmodl.DynamicProperty) [],
         key = 'cpuid.SSE3',
         featureName = 'cpuid.SSE3',
         value = 'Bool:Min:1'
      },
      (vim.vm.FeatureRequirement) {
         dynamicType = <unset>,
         dynamicProperty = (vmodl.DynamicProperty) [],
         key = 'cpuid.SSSE3',
         featureName = 'cpuid.SSSE3',
         value = 'Bool:Min:1'
      },
      (vim.vm.FeatureRequirement) {
         dynamicType = <unset>,
         dynamicProperty = (vmodl.DynamicProperty) [],
         key = 'cpuid.CMPXCHG16B',
         featureName = 'cpuid.CMPXCHG16B',
         value = 'Bool:Min:1'
      },
      (vim.vm.FeatureRequirement) {
         dynamicType = <unset>,
         dynamicProperty = (vmodl.DynamicProperty) [],
         key = 'cpuid.SSE41',
         featureName = 'cpuid.SSE41',
         value = 'Bool:Min:1'
      },
      (vim.vm.FeatureRequirement) {
         dynamicType = <unset>,
         dynamicProperty = (vmodl.DynamicProperty) [],
         key = 'cpuid.DS',
         featureName = 'cpuid.DS',
         value = 'Bool:Min:1'
      },
      (vim.vm.FeatureRequirement) {
         dynamicType = <unset>,
         dynamicProperty = (vmodl.DynamicProperty) [],
         key = 'cpuid.SS',
         featureName = 'cpuid.SS',
         value = 'Bool:Min:1'
      },
      (vim.vm.FeatureRequirement) {
         dynamicType = <unset>,
         dynamicProperty = (vmodl.DynamicProperty) [],
         key = 'cpuid.LAHF64',
         featureName = 'cpuid.LAHF64',
         value = 'Bool:Min:1'
      },
      (vim.vm.FeatureRequirement) {
         dynamicType = <unset>,
         dynamicProperty = (vmodl.DynamicProperty) [],
         key = 'cpuid.NX',
         featureName = 'cpuid.NX',
         value = 'Bool:Min:1'
      },
      (vim.vm.FeatureRequirement) {
         dynamicType = <unset>,
         dynamicProperty = (vmodl.DynamicProperty) [],
         key = 'cpuid.LM',
         featureName = 'cpuid.LM',
         value = 'Bool:Min:1'
      },
      (vim.vm.FeatureRequirement) {
         dynamicType = <unset>,
         dynamicProperty = (vmodl.DynamicProperty) [],
         key = 'cpuid.Intel',
         featureName = 'cpuid.Intel',
         value = 'Bool:Min:1'
      }
   ],
   featureMask = (vim.host.FeatureMask) [],
   vFlashCacheAllocation = 0L
}
(vim.vm.RuntimeInfo) {
   dynamicType = <unset>,
   dynamicProperty = (vmodl.DynamicProperty) [],
   device = (vim.vm.DeviceRuntimeInfo) [
      (vim.vm.DeviceRuntimeInfo) {
         dynamicType = <unset>,
         dynamicProperty = (vmodl.DynamicProperty) [],
         runtimeState = (vim.vm.DeviceRuntimeInfo.VirtualEthernetCardRuntimeState) {
            dynamicType = <unset>,
            dynamicProperty = (vmodl.DynamicProperty) [],
            vmDirectPathGen2Active = false,
            vmDirectPathGen2InactiveReasonVm = (str) [],
            vmDirectPathGen2InactiveReasonOther = (str) [
               'vmNptIncompatibleHost'
            ],
            vmDirectPathGen2InactiveReasonExtended = <unset>,
            reservationStatus = <unset>
         },
         key = 4000
      }
   ],
   host = 'vim.HostSystem:host-3122',
   connectionState = 'connected',
   powerState = 'poweredOn',
   faultToleranceState = 'notConfigured',
   dasVmProtection = <unset>,
   toolsInstallerMounted = false,
   suspendTime = <unset>,
   bootTime = 2015-07-22T20:49:22.633035Z,
   suspendInterval = 0L,
   question = <unset>,
   memoryOverhead = 57036800L,
   maxCpuUsage = 2327,
   maxMemoryUsage = 1024,
   numMksConnections = 0,
   recordReplayState = 'inactive',
   cleanPowerOff = <unset>,
   needSecondaryReason = <unset>,
   onlineStandby = false,
   minRequiredEVCModeKey = <unset>,
   consolidationNeeded = false,
   offlineFeatureRequirement = (vim.vm.FeatureRequirement) [
      (vim.vm.FeatureRequirement) {
         dynamicType = <unset>,
         dynamicProperty = (vmodl.DynamicProperty) [],
         key = 'cpuid.lm',
         featureName = 'cpuid.lm',
         value = 'Bool:Min:1'
      }
   ],
   featureRequirement = (vim.vm.FeatureRequirement) [
      (vim.vm.FeatureRequirement) {
         dynamicType = <unset>,
         dynamicProperty = (vmodl.DynamicProperty) [],
         key = 'cpuid.SSE3',
         featureName = 'cpuid.SSE3',
         value = 'Bool:Min:1'
      },
      (vim.vm.FeatureRequirement) {
         dynamicType = <unset>,
         dynamicProperty = (vmodl.DynamicProperty) [],
         key = 'cpuid.SSSE3',
         featureName = 'cpuid.SSSE3',
         value = 'Bool:Min:1'
      },
      (vim.vm.FeatureRequirement) {
         dynamicType = <unset>,
         dynamicProperty = (vmodl.DynamicProperty) [],
         key = 'cpuid.CMPXCHG16B',
         featureName = 'cpuid.CMPXCHG16B',
         value = 'Bool:Min:1'
      },
      (vim.vm.FeatureRequirement) {
         dynamicType = <unset>,
         dynamicProperty = (vmodl.DynamicProperty) [],
         key = 'cpuid.SSE41',
         featureName = 'cpuid.SSE41',
         value = 'Bool:Min:1'
      },
      (vim.vm.FeatureRequirement) {
         dynamicType = <unset>,
         dynamicProperty = (vmodl.DynamicProperty) [],
         key = 'cpuid.DS',
         featureName = 'cpuid.DS',
         value = 'Bool:Min:1'
      },
      (vim.vm.FeatureRequirement) {
         dynamicType = <unset>,
         dynamicProperty = (vmodl.DynamicProperty) [],
         key = 'cpuid.SS',
         featureName = 'cpuid.SS',
         value = 'Bool:Min:1'
      },
      (vim.vm.FeatureRequirement) {
         dynamicType = <unset>,
         dynamicProperty = (vmodl.DynamicProperty) [],
         key = 'cpuid.LAHF64',
         featureName = 'cpuid.LAHF64',
         value = 'Bool:Min:1'
      },
      (vim.vm.FeatureRequirement) {
         dynamicType = <unset>,
         dynamicProperty = (vmodl.DynamicProperty) [],
         key = 'cpuid.NX',
         featureName = 'cpuid.NX',
         value = 'Bool:Min:1'
      },
      (vim.vm.FeatureRequirement) {
         dynamicType = <unset>,
         dynamicProperty = (vmodl.DynamicProperty) [],
         key = 'cpuid.LM',
         featureName = 'cpuid.LM',
         value = 'Bool:Min:1'
      },
      (vim.vm.FeatureRequirement) {
         dynamicType = <unset>,
         dynamicProperty = (vmodl.DynamicProperty) [],
         key = 'cpuid.Intel',
         featureName = 'cpuid.Intel',
         value = 'Bool:Min:1'
      }
   ],
   featureMask = (vim.host.FeatureMask) [],
   vFlashCacheAllocation = 0L
}
(vim.vm.Summary.QuickStats) {
   dynamicType = <unset>,
   dynamicProperty = (vmodl.DynamicProperty) [],
   overallCpuUsage = 0,
   overallCpuDemand = 0,
   guestMemoryUsage = 122,
   hostMemoryUsage = 1072,
   guestHeartbeatStatus = 'gray',
   distributedCpuEntitlement = 0,
   distributedMemoryEntitlement = 0,
   staticCpuEntitlement = 0,
   staticMemoryEntitlement = 0,
   privateMemory = 1022,
   sharedMemory = 1,
   swappedMemory = 0,
   balloonedMemory = 0,
   consumedOverheadMemory = 50,
   ftLogBandwidth = -1,
   ftSecondaryLatency = -1,
   ftLatencyStatus = 'gray',
   compressedMemory = 0L,
   uptimeSeconds = 4874967,
   ssdSwappedMemory = 0L
}
